<?xml version="1.0" encoding="utf-8"?><testsuites name="pytest tests"><testsuite name="pytest" errors="0" failures="0" skipped="0" tests="27" time="13.586" timestamp="2026-09-07T12:24:37.663500+00:00" hostname="agent-env-7fbbdb08-9af7-40f1-bc6c-cc0e3a6a864d"><testcase classname="tests.test_cryptobot.TestAuthEnforcement" name="test_requires_session[/api/strategies-GET]" time="0.508" /><testcase classname="tests.test_cryptobot.TestStrategies" name="test_create_mean_reversion" time="0.640" /><testcase classname="tests.test_cryptobot.TestAuthEnforcement" name="test_requires_session[/api/portfolio-GET]" time="0.074" /><testcase classname="tests.test_cryptobot.TestAuthEnforcement" name="test_requires_session[/api/vault/keys-GET]" time="0.118" /><testcase classname="tests.test_cryptobot.TestStrategies" name="test_create_trend_following" time="0.144" /><testcase classname="tests.test_cryptobot.TestAuthEnforcement" name="test_requires_session[/api/trades-GET]" time="0.075" /><testcase classname="tests.test_cryptobot.TestAuthEnforcement" name="test_requires_session[/api/sentiment/BTCUSDT-GET]" time="0.080" /><testcase classname="tests.test_cryptobot.TestStrategies" name="test_create_grid" time="0.148" /><testcase classname="tests.test_cryptobot.TestAuthEnforcement" name="test_requires_session[/api/portfolio/kill-switch-POST]" time="0.083" /><testcase classname="tests.test_cryptobot.TestStrategies" name="test_list_strategies" time="0.139" /><testcase classname="tests.test_cryptobot.TestHealthAuth" name="test_root" time="0.086" /><testcase classname="tests.test_cryptobot.TestHealthAuth" name="test_auth_state" time="0.119" /><testcase classname="tests.test_cryptobot.TestStrategies" name="test_pause_resume" time="0.978" /><testcase classname="tests.test_cryptobot.TestHealthAuth" name="test_unlock_wrong_pin" time="0.299" /><testcase classname="tests.test_cryptobot.TestHealthAuth" name="test_unlock_correct_pin" time="0.296" /><testcase classname="tests.test_cryptobot.TestVault" name="test_add_and_list_keys" time="1.006" /><testcase classname="tests.test_cryptobot.TestStrategies" name="test_invalid_strategy_type" time="0.124" /><testcase classname="tests.test_cryptobot.TestMarket" name="test_market_pairs" time="0.069" /><testcase classname="tests.test_cryptobot.TestMarket" name="test_market_btc" time="0.068" /><testcase classname="tests.test_cryptobot.TestMarket" name="test_market_orderbook" time="0.068" /><testcase classname="tests.test_cryptobot.TestMarket" name="test_market_unknown_pair" time="0.077" /><testcase classname="tests.test_cryptobot.TestSentiment" name="test_sentiment_btc" time="0.133" /><testcase classname="tests.test_cryptobot.TestTrades" name="test_trades_list" time="10.158" /><testcase classname="tests.test_cryptobot.TestVault" name="test_delete_keys" time="0.475" /><testcase classname="tests.test_cryptobot.TestPortfolio" name="test_portfolio" time="0.127" /><testcase classname="tests.test_cryptobot.TestPortfolio" name="test_kill_switch_toggle" time="0.361" /><testcase classname="tests.test_cryptobot.TestZZCleanup" name="test_cleanup_strategies" time="0.526" /></testsuite></testsuites>